app/build/outputs/logs/manifest-merger-dev-release-report.txt
-- Merging decision tree log ---
manifest
ADDED from src/main/AndroidManifest.xml:2:1-592:12
	package
		ADDED from src/main/AndroidManifest.xml:3:5-35
		INJECTED from src/main/AndroidManifest.xml
		INJECTED from src/main/AndroidManifest.xml
	android:versionName
		INJECTED from src/main/AndroidManifest.xml
		INJECTED from src/main/AndroidManifest.xml
	xmlns:android
		ADDED from src/main/AndroidManifest.xml:2:11-69
	android:versionCode
		INJECTED from src/main/AndroidManifest.xml
		INJECTED from src/main/AndroidManifest.xml
uses-permission#android.permission.MOUNT_UNMOUNT_FILESYSTEMS
ADDED from src/main/AndroidManifest.xml:5:5-84
MERGED from [com.yolanda.nohttp:nohttp:1.0.0] AndroidManifest.xml:13:5-84
	android:name
		ADDED from src/main/AndroidManifest.xml:5:22-81
uses-permission#android.permission.GET_ACCOUNTS
ADDED from src/main/AndroidManifest.xml:7:5-71
	android:name
		ADDED from src/main/AndroidManifest.xml:7:22-68
uses-permission#android.permission.READ_PROFILE
ADDED from src/main/AndroidManifest.xml:8:5-71
	android:name
		ADDED from src/main/AndroidManifest.xml:8:22-68
uses-permission#android.permission.READ_CONTACTS
ADDED from src/main/AndroidManifest.xml:9:5-72
	android:name
		ADDED from src/main/AndroidManifest.xml:9:22-69
uses-permission#android.permission.ACCESS_NETWORK_STATE
ADDED from src/main/AndroidManifest.xml:10:5-79
MERGED from [com.yolanda.nohttp:nohttp:1.0.0] AndroidManifest.xml:15:5-79
MERGED from [com.google.android.gms:play-services-maps:10.0.1] AndroidManifest.xml:19:5-78
MERGED from [net.hockeyapp.android:HockeySDK:4.1.2] AndroidManifest.xml:11:5-79
	android:name
		ADDED from src/main/AndroidManifest.xml:10:22-76
uses-permission#android.permission.ACCESS_WIFI_STATE
ADDED from src/main/AndroidManifest.xml:11:5-76
MERGED from [com.yolanda.nohttp:nohttp:1.0.0] AndroidManifest.xml:19:5-76
	android:name
		ADDED from src/main/AndroidManifest.xml:11:22-73
uses-permission#android.permission.INTERNET
ADDED from src/main/AndroidManifest.xml:12:5-67
MERGED from [com.yolanda.nohttp:nohttp:1.0.0] AndroidManifest.xml:14:5-67
MERGED from [com.google.android.gms:play-services-maps:10.0.1] AndroidManifest.xml:20:5-66
MERGED from [net.hockeyapp.android:HockeySDK:4.1.2] AndroidManifest.xml:12:5-67
	android:name
		ADDED from src/main/AndroidManifest.xml:12:22-64
uses-permission#android.permission.READ_PHONE_STATE
ADDED from src/main/AndroidManifest.xml:13:5-75
	android:name
		ADDED from src/main/AndroidManifest.xml:13:22-72
uses-permission#android.permission.WRITE_EXTERNAL_STORAGE
ADDED from src/main/AndroidManifest.xml:14:5-81
MERGED from [com.yolanda.nohttp:nohttp:1.0.0] AndroidManifest.xml:12:5-81
MERGED from [net.hockeyapp.android:HockeySDK:4.1.2] AndroidManifest.xml:13:5-81
	android:name
		ADDED from src/main/AndroidManifest.xml:14:22-78
uses-permission#android.permission.BLUETOOTH_ADMIN
ADDED from src/main/AndroidManifest.xml:16:5-74
MERGED from [dyh08:linkloving_ble4.0_lib:unspecified] AndroidManifest.xml:12:5-74
MERGED from [no.nordicsemi.android:dfu:1.0.4] AndroidManifest.xml:12:5-74
	android:name
		ADDED from src/main/AndroidManifest.xml:16:22-71
uses-permission#android.permission.ACCESS_BLUETOOTH_SHARE
ADDED from src/main/AndroidManifest.xml:18:5-81
	android:name
		ADDED from src/main/AndroidManifest.xml:18:22-78
uses-permission#android.permission.BLUETOOTH
ADDED from src/main/AndroidManifest.xml:19:5-68
MERGED from [dyh08:linkloving_ble4.0_lib:unspecified] AndroidManifest.xml:11:5-68
MERGED from [no.nordicsemi.android:dfu:1.0.4] AndroidManifest.xml:11:5-68
	android:name
		ADDED from src/main/AndroidManifest.xml:19:22-65
uses-permission#android.permission.NFC
ADDED from src/main/AndroidManifest.xml:21:5-62
	android:name
		ADDED from src/main/AndroidManifest.xml:21:22-59
uses-permission#android.permission.ACCESS_FINE_LOCATION
ADDED from src/main/AndroidManifest.xml:22:5-79
	android:name
		ADDED from src/main/AndroidManifest.xml:22:22-76
uses-permission#android.permission.VIBRATE
ADDED from src/main/AndroidManifest.xml:24:5-66
	android:name
		ADDED from src/main/AndroidManifest.xml:24:22-63
uses-feature#android.hardware.nfc
ADDED from src/main/AndroidManifest.xml:26:5-28:35
	android:required
		ADDED from src/main/AndroidManifest.xml:28:9-32
	android:name
		ADDED from src/main/AndroidManifest.xml:27:9-44
uses-permission#android.permission.RECEIVE_SMS
ADDED from src/main/AndroidManifest.xml:30:5-70
	android:name
		ADDED from src/main/AndroidManifest.xml:30:22-67
uses-permission#android.permission.GET_TASKS
ADDED from src/main/AndroidManifest.xml:31:5-68
	android:name
		ADDED from src/main/AndroidManifest.xml:31:22-65
uses-permission#android.permission.CHANGE_WIFI_STATE
ADDED from src/main/AndroidManifest.xml:37:5-76
MERGED from [com.yolanda.nohttp:nohttp:1.0.0] AndroidManifest.xml:17:5-76
	android:name
		ADDED from src/main/AndroidManifest.xml:37:22-73
uses-permission#android.permission.MANAGE_ACCOUNTS
ADDED from src/main/AndroidManifest.xml:40:5-74
	android:name
		ADDED from src/main/AndroidManifest.xml:40:22-71
uses-permission#android.permission.USE_CREDENTIALS
ADDED from src/main/AndroidManifest.xml:53:5-74
	android:name
		ADDED from src/main/AndroidManifest.xml:53:22-71
uses-permission#android.permission.AUTHENTICATE_ACCOUNTS
ADDED from src/main/AndroidManifest.xml:55:5-80
	android:name
		ADDED from src/main/AndroidManifest.xml:55:22-77
uses-permission#com.android.launcher.permission.READ_SETTINGS
ADDED from src/main/AndroidManifest.xml:56:5-85
	android:name
		ADDED from src/main/AndroidManifest.xml:56:22-82
uses-permission#android.permission.BROADCAST_STICKY
ADDED from src/main/AndroidManifest.xml:60:5-75
	android:name
		ADDED from src/main/AndroidManifest.xml:60:22-72
uses-permission#android.permission.WRITE_SETTINGS
ADDED from src/main/AndroidManifest.xml:61:5-73
	android:name
		ADDED from src/main/AndroidManifest.xml:61:22-70
uses-permission#android.permission.ACCESS_COARSE_LOCATION
ADDED from src/main/AndroidManifest.xml:63:5-81
	android:name
		ADDED from src/main/AndroidManifest.xml:63:22-78
uses-permission#android.permission.READ_LOGS
ADDED from src/main/AndroidManifest.xml:72:5-68
	android:name
		ADDED from src/main/AndroidManifest.xml:72:22-65
uses-permission#android.permission.WAKE_LOCK
ADDED from src/main/AndroidManifest.xml:74:5-68
	android:name
		ADDED from src/main/AndroidManifest.xml:74:22-65
uses-permission#android.permission.CALL_PHONE
ADDED from src/main/AndroidManifest.xml:86:5-69
	android:name
		ADDED from src/main/AndroidManifest.xml:86:22-66
application
ADDED from src/main/AndroidManifest.xml:88:5-590:19
MERGED from [com.zhy:autolayout:1.4.3] AndroidManifest.xml:11:5-14:19
MERGED from [com.jaeger.statusbaruitl:library:1.1.0] AndroidManifest.xml:11:5-20
MERGED from [com.wx.wheelview:wheelview:1.3.3] AndroidManifest.xml:11:5-14:19
MERGED from [:SMSSDK-2.1.2:] AndroidManifest.xml:11:5-12:19
MERGED from [dyh08:PullToRefreshLibrary:unspecified] AndroidManifest.xml:9:5-20
MERGED from [dyh08:linkloving_ble4.0_lib:unspecified] AndroidManifest.xml:14:5-18:19
MERGED from [dyh08:onkeyshare:unspecified] AndroidManifest.xml:18:5-19:19
MERGED from [com.android.support:design:23.4.0] AndroidManifest.xml:22:5-20
MERGED from [com.android.support:appcompat-v7:23.4.0] AndroidManifest.xml:25:5-20
MERGED from [com.android.support:animated-vector-drawable:23.4.0] AndroidManifest.xml:7:5-20
MERGED from [com.android.support:support-vector-drawable:23.4.0] AndroidManifest.xml:7:5-20
MERGED from [com.google.android.gms:play-services-places:10.0.1] AndroidManifest.xml:18:5-19
MERGED from [com.google.android.gms:play-services-maps:10.0.1] AndroidManifest.xml:24:5-19
MERGED from [com.google.android.gms:play-services-location:10.0.1] AndroidManifest.xml:4:5-19
MERGED from [com.google.android.gms:play-services-base:10.0.1] AndroidManifest.xml:18:5-20:19
MERGED from [com.google.android.gms:play-services-tasks:10.0.1] AndroidManifest.xml:4:5-19
MERGED from [com.google.android.gms:play-services-basement:10.0.1] AndroidManifest.xml:19:5-21:19
MERGED from [com.android.support:support-v4:24.2.1] AndroidManifest.xml:25:5-20
MERGED from [com.android.support:support-fragment:24.2.1] AndroidManifest.xml:25:5-20
MERGED from [com.android.support:support-media-compat:24.2.1] AndroidManifest.xml:25:5-20
MERGED from [com.android.support:support-core-ui:24.2.1] AndroidManifest.xml:25:5-20
MERGED from [com.android.support:support-core-utils:24.2.1] AndroidManifest.xml:25:5-20
MERGED from [com.android.support:support-compat:24.2.1] AndroidManifest.xml:25:5-20
MERGED from [net.hockeyapp.android:HockeySDK:4.1.2] AndroidManifest.xml:15:5-21:19
	android:label
		ADDED from src/main/AndroidManifest.xml:92:9-41
	android:supportsRtl
		ADDED from src/main/AndroidManifest.xml:93:9-35
	android:allowBackup
		ADDED from src/main/AndroidManifest.xml:90:9-35
	android:icon
		ADDED from src/main/AndroidManifest.xml:91:9-42
	android:theme
		ADDED from src/main/AndroidManifest.xml:94:9-40
	android:name
		ADDED from src/main/AndroidManifest.xml:89:9-38
meta-data#design_width
ADDED from src/main/AndroidManifest.xml:95:9-97:36
	android:value
		ADDED from src/main/AndroidManifest.xml:97:13-33
	android:name
		ADDED from src/main/AndroidManifest.xml:96:13-40
meta-data#design_height
ADDED from src/main/AndroidManifest.xml:98:9-100:36
	android:value
		ADDED from src/main/AndroidManifest.xml:100:13-33
	android:name
		ADDED from src/main/AndroidManifest.xml:99:13-41
meta-data#com.google.android.geo.API_KEY
ADDED from src/main/AndroidManifest.xml:103:9-105:71
	android:value
		ADDED from src/main/AndroidManifest.xml:105:13-68
	android:name
		ADDED from src/main/AndroidManifest.xml:104:13-58
meta-data#com.google.android.gms.version
ADDED from src/main/AndroidManifest.xml:107:9-109:69
MERGED from [com.google.android.gms:play-services-basement:10.0.1] AndroidManifest.xml:20:9-121
	android:value
		ADDED from src/main/AndroidManifest.xml:109:13-66
	android:name
		ADDED from src/main/AndroidManifest.xml:108:13-58
meta-data#net.hockeyapp.android.appIdentifier
ADDED from src/main/AndroidManifest.xml:110:9-112:64
	android:value
		ADDED from src/main/AndroidManifest.xml:112:13-61
	android:name
		ADDED from src/main/AndroidManifest.xml:111:13-63
meta-data#com.baidu.lbsapi.API_KEY
ADDED from src/main/AndroidManifest.xml:115:9-117:64
	android:value
		ADDED from src/main/AndroidManifest.xml:117:13-61
	android:name
		ADDED from src/main/AndroidManifest.xml:116:13-52
service#com.baidu.trace.LBSTraceService
ADDED from src/main/AndroidManifest.xml:120:9-123:47
	android:enabled
		ADDED from src/main/AndroidManifest.xml:122:13-35
	android:exported
		ADDED from src/main/AndroidManifest.xml:123:13-36
	android:name
		ADDED from src/main/AndroidManifest.xml:121:13-59
service#com.linkloving.dyh08.logic.UI.workout.trackshow.MonitorService
ADDED from src/main/AndroidManifest.xml:124:9-127:47
	android:enabled
		ADDED from src/main/AndroidManifest.xml:126:13-35
	android:exported
		ADDED from src/main/AndroidManifest.xml:127:13-36
	android:name
		ADDED from src/main/AndroidManifest.xml:125:13-70
service#com.linkloving.dyh08.BleService
ADDED from src/main/AndroidManifest.xml:130:9-136:19
	android:name
		ADDED from src/main/AndroidManifest.xml:130:18-44
intent-filter#android.intent.category.default+com.linkloving.watch.BLE_SERVICE
ADDED from src/main/AndroidManifest.xml:131:13-135:29
	android:priority
		ADDED from src/main/AndroidManifest.xml:131:28-51
action#com.linkloving.watch.BLE_SERVICE
ADDED from src/main/AndroidManifest.xml:132:17-75
	android:name
		ADDED from src/main/AndroidManifest.xml:132:25-72
category#android.intent.category.default
ADDED from src/main/AndroidManifest.xml:134:17-76
	android:name
		ADDED from src/main/AndroidManifest.xml:134:27-73
service#com.linkloving.dyh08.notify.NotificationService
ADDED from src/main/AndroidManifest.xml:138:9-143:19
	android:permission
		ADDED from src/main/AndroidManifest.xml:139:13-87
	android:name
		ADDED from src/main/AndroidManifest.xml:138:18-60
intent-filter#android.service.notification.NotificationListenerService
ADDED from src/main/AndroidManifest.xml:140:13-142:29
action#android.service.notification.NotificationListenerService
ADDED from src/main/AndroidManifest.xml:141:17-99
	android:name
		ADDED from src/main/AndroidManifest.xml:141:25-96
receiver#com.linkloving.dyh08.notify.PhoneReceiver
ADDED from src/main/AndroidManifest.xml:155:9-160:20
	android:name
		ADDED from src/main/AndroidManifest.xml:155:19-55
intent-filter#android.intent.action.NEW_OUTGOING_CALL+android.intent.action.PHONE_STATE
ADDED from src/main/AndroidManifest.xml:156:13-159:29
	android:priority
		ADDED from src/main/AndroidManifest.xml:156:28-52
action#android.intent.action.PHONE_STATE
ADDED from src/main/AndroidManifest.xml:157:17-76
	android:name
		ADDED from src/main/AndroidManifest.xml:157:25-73
action#android.intent.action.NEW_OUTGOING_CALL
ADDED from src/main/AndroidManifest.xml:158:17-82
	android:name
		ADDED from src/main/AndroidManifest.xml:158:25-79
receiver#com.linkloving.dyh08.notify.SMSBroadcastReceiver
ADDED from src/main/AndroidManifest.xml:161:9-165:20
	android:name
		ADDED from src/main/AndroidManifest.xml:161:19-62
intent-filter#android.provider.Telephony.SMS_RECEIVED
ADDED from src/main/AndroidManifest.xml:162:13-164:29
	android:priority
		ADDED from src/main/AndroidManifest.xml:162:28-51
action#android.provider.Telephony.SMS_RECEIVED
ADDED from src/main/AndroidManifest.xml:163:17-82
	android:name
		ADDED from src/main/AndroidManifest.xml:163:25-79
receiver#com.linkloving.dyh08.notify.ScreenReceiver
ADDED from src/main/AndroidManifest.xml:166:9-170:20
	android:name
		ADDED from src/main/AndroidManifest.xml:166:19-56
intent-filter#android.intent.action.USER_PRESENT
ADDED from src/main/AndroidManifest.xml:167:13-169:29
	android:priority
		ADDED from src/main/AndroidManifest.xml:167:28-52
action#android.intent.action.USER_PRESENT
ADDED from src/main/AndroidManifest.xml:168:17-77
	android:name
		ADDED from src/main/AndroidManifest.xml:168:25-74
service#com.baidu.location.f
ADDED from src/main/AndroidManifest.xml:172:9-179:19
	android:enabled
		ADDED from src/main/AndroidManifest.xml:174:13-35
	android:process
		ADDED from src/main/AndroidManifest.xml:175:13-38
	android:name
		ADDED from src/main/AndroidManifest.xml:173:13-48
intent-filter#com.baidu.location.service_v2.2
ADDED from src/main/AndroidManifest.xml:176:13-178:29
action#com.baidu.location.service_v2.2
ADDED from src/main/AndroidManifest.xml:177:17-74
	android:name
		ADDED from src/main/AndroidManifest.xml:177:25-71
meta-data#UMENG_APPKEY
ADDED from src/main/AndroidManifest.xml:197:9-199:56
	android:value
		ADDED from src/main/AndroidManifest.xml:199:13-53
	android:name
		ADDED from src/main/AndroidManifest.xml:198:13-40
meta-data#UMENG_CHANNEL
ADDED from src/main/AndroidManifest.xml:200:9-202:37
	android:value
		ADDED from src/main/AndroidManifest.xml:202:13-34
	android:name
		ADDED from src/main/AndroidManifest.xml:201:13-41
activity#com.linkloving.dyh08.logic.UI.main.PortalActivity
ADDED from src/main/AndroidManifest.xml:205:9-208:59
	android:screenOrientation
		ADDED from src/main/AndroidManifest.xml:207:13-49
	android:theme
		ADDED from src/main/AndroidManifest.xml:208:13-56
	android:name
		ADDED from src/main/AndroidManifest.xml:206:13-57
activity#com.linkloving.dyh08.logic.UI.device.DeviceActivity
ADDED from src/main/AndroidManifest.xml:211:9-215:58
	android:screenOrientation
		ADDED from src/main/AndroidManifest.xml:214:13-49
	android:label
		ADDED from src/main/AndroidManifest.xml:213:13-45
	android:theme
		ADDED from src/main/AndroidManifest.xml:215:13-55
	android:name
		ADDED from src/main/AndroidManifest.xml:212:13-59
activity#com.linkloving.dyh08.logic.UI.device.alarm.AlarmActivity
ADDED from src/main/AndroidManifest.xml:216:9-220:58
	android:screenOrientation
		ADDED from src/main/AndroidManifest.xml:219:13-49
	android:label
		ADDED from src/main/AndroidManifest.xml:218:13-45
	android:theme
		ADDED from src/main/AndroidManifest.xml:220:13-55
	android:name
		ADDED from src/main/AndroidManifest.xml:217:13-64
activity#com.linkloving.dyh08.logic.UI.device.longsit.LongSitActivity
ADDED from src/main/AndroidManifest.xml:221:9-225:58
	android:screenOrientation
		ADDED from src/main/AndroidManifest.xml:224:13-49
	android:label
		ADDED from src/main/AndroidManifest.xml:223:13-60
	android:theme
		ADDED from src/main/AndroidManifest.xml:225:13-55
	android:name
		ADDED from src/main/AndroidManifest.xml:222:13-68
activity#com.tencent.connect.common.AssistActivity
ADDED from src/main/AndroidManifest.xml:228:9-231:75
	android:screenOrientation
		ADDED from src/main/AndroidManifest.xml:230:13-49
	android:theme
		ADDED from src/main/AndroidManifest.xml:231:13-72
	android:name
		ADDED from src/main/AndroidManifest.xml:229:13-69
activity#com.tencent.tauth.AuthActivity
ADDED from src/main/AndroidManifest.xml:232:9-245:20
	android:launchMode
		ADDED from src/main/AndroidManifest.xml:234:13-44
	android:noHistory
		ADDED from src/main/AndroidManifest.xml:235:13-37
	android:name
		ADDED from src/main/AndroidManifest.xml:233:13-58
intent-filter#android.intent.action.VIEW+android.intent.category.BROWSABLE+android.intent.category.DEFAULT
ADDED from src/main/AndroidManifest.xml:236:13-244:29
action#android.intent.action.VIEW
ADDED from src/main/AndroidManifest.xml:237:17-69
	android:name
		ADDED from src/main/AndroidManifest.xml:237:25-66
category#android.intent.category.DEFAULT
ADDED from src/main/AndroidManifest.xml:239:17-76
	android:name
		ADDED from src/main/AndroidManifest.xml:239:27-73
category#android.intent.category.BROWSABLE
ADDED from src/main/AndroidManifest.xml:240:17-78
	android:name
		ADDED from src/main/AndroidManifest.xml:240:27-75
data
ADDED from src/main/AndroidManifest.xml:242:17-53
	android:scheme
		ADDED from src/main/AndroidManifest.xml:242:23-50
activity#com.linkloving.dyh08.wxapi.WXEntryActivity
ADDED from src/main/AndroidManifest.xml:247:9-252:75
	android:screenOrientation
		ADDED from src/main/AndroidManifest.xml:251:13-49
	android:exported
		ADDED from src/main/AndroidManifest.xml:250:13-36
	android:configChanges
		ADDED from src/main/AndroidManifest.xml:249:13-74
	android:theme
		ADDED from src/main/AndroidManifest.xml:252:13-72
	android:name
		ADDED from src/main/AndroidManifest.xml:248:13-50
activity#com.linkloving.dyh08.logic.UI.device.handup.HandUpActivity
ADDED from src/main/AndroidManifest.xml:253:9-257:58
	android:screenOrientation
		ADDED from src/main/AndroidManifest.xml:256:13-49
	android:label
		ADDED from src/main/AndroidManifest.xml:255:13-59
	android:theme
		ADDED from src/main/AndroidManifest.xml:257:13-55
	android:name
		ADDED from src/main/AndroidManifest.xml:254:13-66
activity#com.linkloving.dyh08.logic.UI.device.alarm.SetAlarmActivity
ADDED from src/main/AndroidManifest.xml:258:9-262:58
	android:screenOrientation
		ADDED from src/main/AndroidManifest.xml:261:13-49
	android:label
		ADDED from src/main/AndroidManifest.xml:260:13-59
	android:theme
		ADDED from src/main/AndroidManifest.xml:262:13-55
	android:name
		ADDED from src/main/AndroidManifest.xml:259:13-67
activity#com.linkloving.dyh08.logic.UI.device.incomingtel.IncomingTelActivity
ADDED from src/main/AndroidManifest.xml:263:9-267:58
	android:screenOrientation
		ADDED from src/main/AndroidManifest.xml:266:13-49
	android:label
		ADDED from src/main/AndroidManifest.xml:265:13-64
	android:theme
		ADDED from src/main/AndroidManifest.xml:267:13-55
	android:name
		ADDED from src/main/AndroidManifest.xml:264:13-76
activity#com.linkloving.dyh08.logic.UI.device.power.PowerActivity
ADDED from src/main/AndroidManifest.xml:268:9-271:58
	android:label
		ADDED from src/main/AndroidManifest.xml:270:13-57
	android:theme
		ADDED from src/main/AndroidManifest.xml:271:13-55
	android:name
		ADDED from src/main/AndroidManifest.xml:269:13-64
activity#com.linkloving.dyh08.logic.UI.device.firmware.FirmwareUpdateActivity
ADDED from src/main/AndroidManifest.xml:272:9-276:58
	android:screenOrientation
		ADDED from src/main/AndroidManifest.xml:275:13-49
	android:label
		ADDED from src/main/AndroidManifest.xml:274:13-67
	android:theme
		ADDED from src/main/AndroidManifest.xml:276:13-55
	android:name
		ADDED from src/main/AndroidManifest.xml:273:13-76
activity#com.linkloving.dyh08.logic.UI.device.movedevice.MoveDeviceActivity
ADDED from src/main/AndroidManifest.xml:277:9-281:58
	android:screenOrientation
		ADDED from src/main/AndroidManifest.xml:280:13-49
	android:label
		ADDED from src/main/AndroidManifest.xml:279:13-63
	android:theme
		ADDED from src/main/AndroidManifest.xml:281:13-55
	android:name
		ADDED from src/main/AndroidManifest.xml:278:13-74
activity#com.linkloving.dyh08.logic.UI.launch.CountryActivity
ADDED from src/main/AndroidManifest.xml:282:9-285:58
	android:screenOrientation
		ADDED from src/main/AndroidManifest.xml:284:13-49
	android:theme
		ADDED from src/main/AndroidManifest.xml:285:13-55
	android:name
		ADDED from src/main/AndroidManifest.xml:283:13-60
activity#com.linkloving.dyh08.logic.UI.launch.LoginFromPhoneActivity
ADDED from src/main/AndroidManifest.xml:289:9-301:20
	android:screenOrientation
		ADDED from src/main/AndroidManifest.xml:291:13-49
	android:theme
		ADDED from src/main/AndroidManifest.xml:292:13-55
	android:name
		ADDED from src/main/AndroidManifest.xml:290:13-67
activity#com.linkloving.dyh08.logic.UI.launch.Login_Email_Activity
ADDED from src/main/AndroidManifest.xml:302:9-305:58
	android:screenOrientation
		ADDED from src/main/AndroidManifest.xml:304:13-49
	android:theme
		ADDED from src/main/AndroidManifest.xml:305:13-55
	android:name
		ADDED from src/main/AndroidManifest.xml:303:13-65
activity#com.linkloving.dyh08.logic.UI.launch.Change_Passw_Activity
ADDED from src/main/AndroidManifest.xml:306:9-309:58
	android:screenOrientation
		ADDED from src/main/AndroidManifest.xml:308:13-49
	android:theme
		ADDED from src/main/AndroidManifest.xml:309:13-55
	android:name
		ADDED from src/main/AndroidManifest.xml:307:13-66
activity#com.linkloving.dyh08.logic.UI.launch.register.RegisterActivity
ADDED from src/main/AndroidManifest.xml:314:9-318:58
	android:screenOrientation
		ADDED from src/main/AndroidManifest.xml:317:13-49
	android:label
		ADDED from src/main/AndroidManifest.xml:316:13-60
	android:theme
		ADDED from src/main/AndroidManifest.xml:318:13-55
	android:name
		ADDED from src/main/AndroidManifest.xml:315:13-70
activity#com.linkloving.dyh08.logic.UI.launch.register.BodyActivity
ADDED from src/main/AndroidManifest.xml:319:9-323:58
	android:screenOrientation
		ADDED from src/main/AndroidManifest.xml:322:13-49
	android:label
		ADDED from src/main/AndroidManifest.xml:321:13-56
	android:theme
		ADDED from src/main/AndroidManifest.xml:323:13-55
	android:name
		ADDED from src/main/AndroidManifest.xml:320:13-66
activity#com.linkloving.dyh08.logic.UI.launch.register.RegisteredSuccessActivity
ADDED from src/main/AndroidManifest.xml:324:9-328:58
	android:screenOrientation
		ADDED from src/main/AndroidManifest.xml:327:13-49
	android:label
		ADDED from src/main/AndroidManifest.xml:326:13-70
	android:theme
		ADDED from src/main/AndroidManifest.xml:328:13-55
	android:name
		ADDED from src/main/AndroidManifest.xml:325:13-79
activity#com.linkloving.dyh08.logic.UI.goal.SportGoalActivity
ADDED from src/main/AndroidManifest.xml:329:9-333:58
	android:screenOrientation
		ADDED from src/main/AndroidManifest.xml:332:13-49
	android:label
		ADDED from src/main/AndroidManifest.xml:331:13-69
	android:theme
		ADDED from src/main/AndroidManifest.xml:333:13-55
	android:name
		ADDED from src/main/AndroidManifest.xml:330:13-60
activity#com.linkloving.dyh08.logic.UI.customerservice.CustomerServiceActivity
ADDED from src/main/AndroidManifest.xml:334:9-338:55
	android:screenOrientation
		ADDED from src/main/AndroidManifest.xml:337:13-49
	android:label
		ADDED from src/main/AndroidManifest.xml:336:13-68
	android:theme
		ADDED from src/main/AndroidManifest.xml:338:13-52
	android:name
		ADDED from src/main/AndroidManifest.xml:335:13-77
activity#com.linkloving.dyh08.logic.UI.launch.register.RegisterPhoneActivity
ADDED from src/main/AndroidManifest.xml:339:9-343:58
	android:screenOrientation
		ADDED from src/main/AndroidManifest.xml:342:13-49
	android:label
		ADDED from src/main/AndroidManifest.xml:341:13-66
	android:theme
		ADDED from src/main/AndroidManifest.xml:343:13-55
	android:name
		ADDED from src/main/AndroidManifest.xml:340:13-75
activity#com.linkloving.dyh08.logic.UI.main.boundwatch.BoundActivity
ADDED from src/main/AndroidManifest.xml:344:9-347:58
	android:screenOrientation
		ADDED from src/main/AndroidManifest.xml:346:13-49
	android:theme
		ADDED from src/main/AndroidManifest.xml:347:13-55
	android:name
		ADDED from src/main/AndroidManifest.xml:345:13-67
activity#com.linkloving.dyh08.logic.UI.workout.GooglemapActivity
ADDED from src/main/AndroidManifest.xml:348:9-351:58
	android:screenOrientation
		ADDED from src/main/AndroidManifest.xml:350:13-49
	android:theme
		ADDED from src/main/AndroidManifest.xml:351:13-55
	android:name
		ADDED from src/main/AndroidManifest.xml:349:13-63
activity#com.linkloving.dyh08.logic.UI.main.boundwatch.BoundActivity_2
ADDED from src/main/AndroidManifest.xml:352:9-355:58
	android:screenOrientation
		ADDED from src/main/AndroidManifest.xml:354:13-49
	android:theme
		ADDED from src/main/AndroidManifest.xml:355:13-55
	android:name
		ADDED from src/main/AndroidManifest.xml:353:13-69
activity#com.linkloving.dyh08.logic.UI.main.boundwatch.BLEListActivity
ADDED from src/main/AndroidManifest.xml:356:9-358:58
	android:theme
		ADDED from src/main/AndroidManifest.xml:358:13-55
	android:name
		ADDED from src/main/AndroidManifest.xml:357:13-69
activity#com.linkloving.dyh08.logic.UI.launch.register.CommonWebActivity
ADDED from src/main/AndroidManifest.xml:359:9-362:58
	android:screenOrientation
		ADDED from src/main/AndroidManifest.xml:361:13-49
	android:theme
		ADDED from src/main/AndroidManifest.xml:362:13-55
	android:name
		ADDED from src/main/AndroidManifest.xml:360:13-71
activity#com.linkloving.dyh08.logic.UI.launch.AppStartActivity
ADDED from src/main/AndroidManifest.xml:363:9-372:20
	android:screenOrientation
		ADDED from src/main/AndroidManifest.xml:365:13-49
	android:theme
		ADDED from src/main/AndroidManifest.xml:366:13-59
	android:name
		ADDED from src/main/AndroidManifest.xml:364:13-61
intent-filter#android.intent.action.MAIN+android.intent.category.LAUNCHER
ADDED from src/main/AndroidManifest.xml:367:13-371:29
action#android.intent.action.MAIN
ADDED from src/main/AndroidManifest.xml:368:17-69
	android:name
		ADDED from src/main/AndroidManifest.xml:368:25-66
category#android.intent.category.LAUNCHER
ADDED from src/main/AndroidManifest.xml:370:17-77
	android:name
		ADDED from src/main/AndroidManifest.xml:370:27-74
activity#com.linkloving.dyh08.logic.UI.more.MoreActivity
ADDED from src/main/AndroidManifest.xml:373:9-376:58
	android:screenOrientation
		ADDED from src/main/AndroidManifest.xml:375:13-49
	android:theme
		ADDED from src/main/AndroidManifest.xml:376:13-55
	android:name
		ADDED from src/main/AndroidManifest.xml:374:13-55
activity#com.linkloving.dyh08.logic.UI.more.AboutUsActivity
ADDED from src/main/AndroidManifest.xml:377:9-380:58
	android:screenOrientation
		ADDED from src/main/AndroidManifest.xml:379:13-49
	android:theme
		ADDED from src/main/AndroidManifest.xml:380:13-55
	android:name
		ADDED from src/main/AndroidManifest.xml:378:13-58
activity#com.linkloving.dyh08.logic.UI.more.SendMailActivity
ADDED from src/main/AndroidManifest.xml:381:9-384:58
	android:screenOrientation
		ADDED from src/main/AndroidManifest.xml:383:13-49
	android:theme
		ADDED from src/main/AndroidManifest.xml:384:13-55
	android:name
		ADDED from src/main/AndroidManifest.xml:382:13-59
activity#com.linkloving.dyh08.logic.UI.main.bundband.bundbandstep1
ADDED from src/main/AndroidManifest.xml:385:9-388:58
	android:screenOrientation
		ADDED from src/main/AndroidManifest.xml:387:13-49
	android:theme
		ADDED from src/main/AndroidManifest.xml:388:13-55
	android:name
		ADDED from src/main/AndroidManifest.xml:386:13-65
activity#com.linkloving.dyh08.logic.UI.main.bundband.bundbandstep2
ADDED from src/main/AndroidManifest.xml:389:9-392:58
	android:screenOrientation
		ADDED from src/main/AndroidManifest.xml:391:13-49
	android:theme
		ADDED from src/main/AndroidManifest.xml:392:13-55
	android:name
		ADDED from src/main/AndroidManifest.xml:390:13-65
activity#com.linkloving.dyh08.logic.UI.main.bundband.BandListActivity
ADDED from src/main/AndroidManifest.xml:393:9-396:58
	android:screenOrientation
		ADDED from src/main/AndroidManifest.xml:395:13-49
	android:theme
		ADDED from src/main/AndroidManifest.xml:396:13-55
	android:name
		ADDED from src/main/AndroidManifest.xml:394:13-68
activity#com.linkloving.dyh08.logic.UI.launch.register.PassWordActivity
ADDED from src/main/AndroidManifest.xml:398:9-401:58
	android:screenOrientation
		ADDED from src/main/AndroidManifest.xml:400:13-49
	android:theme
		ADDED from src/main/AndroidManifest.xml:401:13-55
	android:name
		ADDED from src/main/AndroidManifest.xml:399:13-70
activity#com.linkloving.dyh08.logic.UI.launch.register.ForgetPassWordMainActivity
ADDED from src/main/AndroidManifest.xml:402:9-405:58
	android:screenOrientation
		ADDED from src/main/AndroidManifest.xml:404:13-49
	android:theme
		ADDED from src/main/AndroidManifest.xml:405:13-55
	android:name
		ADDED from src/main/AndroidManifest.xml:403:13-80
activity#com.linkloving.dyh08.logic.UI.more.GuideActivity
ADDED from src/main/AndroidManifest.xml:406:9-409:58
	android:screenOrientation
		ADDED from src/main/AndroidManifest.xml:408:13-49
	android:theme
		ADDED from src/main/AndroidManifest.xml:409:13-55
	android:name
		ADDED from src/main/AndroidManifest.xml:407:13-56
activity#com.linkloving.dyh08.logic.UI.launch.register.UpdataAvatarActivity
ADDED from src/main/AndroidManifest.xml:410:9-413:58
	android:screenOrientation
		ADDED from src/main/AndroidManifest.xml:412:13-49
	android:theme